{
  "RSpec": {
    "coverage": {
      "/Users/mariagetmanova/Desktop/Makers_Projects/Bookmark/spec/setup_test_database.rb": [
        1,
        null,
        1,
        10,
        10,
        10,
        10,
        null
      ],
      "/Users/mariagetmanova/Desktop/Makers_Projects/Bookmark/spec/bookmark_spec.rb": [
        1,
        null,
        1,
        null,
        1,
        null,
        1,
        null,
        null,
        null,
        null,
        null,
        null,
        null,
        1,
        1,
        1,
        1,
        1,
        null,
        null,
        1,
        1,
        1,
        1,
        null,
        null,
        1,
        1,
        1,
        null,
        1,
        1,
        null,
        null,
        1,
        1,
        1,
        1,
        null,
        1,
        1,
        1,
        null,
        null,
        1,
        1,
        1,
        1,
        1,
        1,
        null,
        null,
        null
      ],
      "/Users/mariagetmanova/Desktop/Makers_Projects/Bookmark/spec/features/new_bookmark_spec.rb": [
        1,
        null,
        1,
        1,
        1,
        1,
        1,
        1,
        1,
        null,
        null,
        1,
        1,
        1,
        1,
        1,
        1,
        null,
        null
      ],
      "/Users/mariagetmanova/Desktop/Makers_Projects/Bookmark/spec/features/viewing_links_feature_spec.rb": [
        1,
        1,
        1,
        1,
        1,
        null,
        null
      ]
    },
    "timestamp": 1523537929
  }
}
